Using pre-set license

 COMMAND LINE ARGUMENTS:
/Applications/Unity/Hub/Editor/2020.2.3f1/Unity.app/Contents/MacOS/Unity
-adb2
-batchMode
-noUpm
-name
AssetImportWorker0
-projectPath
/Users/ejaazlakhani/Documents/ghostGame
-logFile
Logs/AssetImportWorker0.log
-srvPort
49949
Successfully changed project path to: /Users/ejaazlakhani/Documents/ghostGame
/Users/ejaazlakhani/Documents/ghostGame
Using Asset Import Pipeline V2.
Default GameObject BitMask: TransparentFX already registered

Refreshing native plugins compatible for Editor in 27.41 ms, found 1 plugins.
Preloading 0 native plugins for Editor in 0.00 ms.
Initialize engine version: 2020.2.3f1 (8ff31bc5bf5b)
[Subsystems] Discovering subsystems at path /Applications/Unity/Hub/Editor/2020.2.3f1/Unity.app/Contents/Resources/UnitySubsystems
[Subsystems] Discovering subsystems at path /Users/ejaazlakhani/Documents/ghostGame/Assets
GfxDevice: creating device client; threaded=0
2021-04-10 13:22:16.589 Unity[20975:2538471] (null) preferred device: Apple M1 (high power)
2021-04-10 13:22:16.589 Unity[20975:2538471] Metal devices available: 1
2021-04-10 13:22:16.589 Unity[20975:2538471] 0: Apple M1 (high power)
2021-04-10 13:22:16.589 Unity[20975:2538471] Using device Apple M1 (high power)
Initializing Metal device caps: Apple M1
Initialize mono
Mono path[0] = '/Applications/Unity/Hub/Editor/2020.2.3f1/Unity.app/Contents/Managed'
Mono path[1] = '/Applications/Unity/Hub/Editor/2020.2.3f1/Unity.app/Contents/MonoBleedingEdge/lib/mono/unityjit'
Mono config path = '/Applications/Unity/Hub/Editor/2020.2.3f1/Unity.app/Contents/MonoBleedingEdge/etc'
Using monoOptions --debugger-agent=transport=dt_socket,embedding=1,server=y,suspend=n,address=127.0.0.1:56975
Begin MonoManager ReloadAssembly
Registering precompiled unity dll's ...
Register platform support module: /Applications/Unity/Hub/Editor/2020.2.3f1/Unity.app/Contents/PlaybackEngines/MacStandaloneSupport/UnityEditor.OSXStandalone.Extensions.dll
Register platform support module: /Applications/Unity/Hub/Editor/2020.2.3f1/PlaybackEngines/WindowsStandaloneSupport/UnityEditor.WindowsStandalone.Extensions.dll
Registered in 0.002291 seconds.
Native extension for WindowsStandalone target not found
Native extension for OSXStandalone target not found
Refreshing native plugins compatible for Editor in 26.78 ms, found 1 plugins.
Preloading 0 native plugins for Editor in 0.00 ms.
Invoked RoslynAnalysisRunner static constructor.
RoslynAnalysisRunner will not be running.
RoslynAnalysisRunner has terminated.
Mono: successfully reloaded assembly
- Completed reload, in  3.080 seconds
Platform modules already initialized, skipping
Registering precompiled user dll's ...
Registered in 0.000582 seconds.
Begin MonoManager ReloadAssembly
Native extension for WindowsStandalone target not found
Native extension for OSXStandalone target not found
Refreshing native plugins compatible for Editor in 28.17 ms, found 1 plugins.
Preloading 0 native plugins for Editor in 0.00 ms.
Invoked RoslynAnalysisRunner static constructor.
RoslynAnalysisRunner will not be running.
RoslynAnalysisRunner has terminated.
Mono: successfully reloaded assembly
- Completed reload, in  1.934 seconds
Platform modules already initialized, skipping
========================================================================
Worker process is ready to serve import requests
Default GameObject BitMask: TransparentFX already registered

Launching external process: /Applications/Unity/Hub/Editor/2020.2.3f1/Unity.app/Contents/Tools/UnityShaderCompiler
Launched and connected shader compiler UnityShaderCompiler after 0.03 seconds
Refreshing native plugins compatible for Editor in 0.26 ms, found 1 plugins.
Preloading 0 native plugins for Editor in 0.00 ms.
Unloading 1499 Unused Serialized files (Serialized files now loaded: 0)
System memory in use before: 148.8 MB.
System memory in use after: 148.9 MB.

Unloading 12 unused Assets to reduce memory usage. Loaded Objects now: 1961.
Total: 2.430083 ms (FindLiveObjects: 0.305958 ms CreateObjectMapping: 0.030833 ms MarkObjects: 1.982834 ms  DeleteObjects: 0.108666 ms)

========================================================================
Received Import Request.
  path: Assets/Sphere.prefab
  artifactKey: Guid(3368e1f2ecbc842899db289f5fb00ad9) Importer(815301076,1909f56bfc062723c751e8b465ee728b)
Start importing Assets/Sphere.prefab using Guid(3368e1f2ecbc842899db289f5fb00ad9) Importer(815301076,1909f56bfc062723c751e8b465ee728b)  -> (artifact id: '6be1538413d5bd1df337147b99cadbef') in 0.910124 seconds
  Import took 0.914209 seconds .

========================================================================
Received Prepare
Default GameObject BitMask: TransparentFX already registered

Refreshing native plugins compatible for Editor in 0.61 ms, found 1 plugins.
Preloading 0 native plugins for Editor in 0.00 ms.
Unloading 5 Unused Serialized files (Serialized files now loaded: 0)
System memory in use before: 127.4 MB.
System memory in use after: 127.5 MB.

Unloading 6 unused Assets to reduce memory usage. Loaded Objects now: 1969.
Total: 1.670750 ms (FindLiveObjects: 0.119458 ms CreateObjectMapping: 0.033417 ms MarkObjects: 1.455666 ms  DeleteObjects: 0.061667 ms)

========================================================================
Received Import Request.
  Time since last request: 32.108951 seconds.
  path: Assets/Sphere.prefab
  artifactKey: Guid(3368e1f2ecbc842899db289f5fb00ad9) Importer(815301076,1909f56bfc062723c751e8b465ee728b)
Start importing Assets/Sphere.prefab using Guid(3368e1f2ecbc842899db289f5fb00ad9) Importer(815301076,1909f56bfc062723c751e8b465ee728b)  -> (artifact id: '5a293612cb1bfbefa28d422e187bde0e') in 0.017072 seconds
  Import took 0.020766 seconds .

========================================================================
Received Import Request.
  Time since last request: 23.715438 seconds.
  path: Assets/Sphere.prefab
  artifactKey: Guid(3368e1f2ecbc842899db289f5fb00ad9) Importer(815301076,1909f56bfc062723c751e8b465ee728b)
Start importing Assets/Sphere.prefab using Guid(3368e1f2ecbc842899db289f5fb00ad9) Importer(815301076,1909f56bfc062723c751e8b465ee728b)  -> (artifact id: 'd39806b05dd1c7abe746805f941b8ba2') in 0.009936 seconds
  Import took 0.013877 seconds .

========================================================================
Received Import Request.
  Time since last request: 13.486457 seconds.
  path: Assets/Sphere.prefab
  artifactKey: Guid(3368e1f2ecbc842899db289f5fb00ad9) Importer(815301076,1909f56bfc062723c751e8b465ee728b)
Start importing Assets/Sphere.prefab using Guid(3368e1f2ecbc842899db289f5fb00ad9) Importer(815301076,1909f56bfc062723c751e8b465ee728b)  -> (artifact id: 'f79109aa79b4146de729439d31ff4d67') in 0.008015 seconds
  Import took 0.011326 seconds .

========================================================================
Received Import Request.
  Time since last request: 0.001271 seconds.
  path: Assets/Sphere.prefab
  artifactKey: Guid(3368e1f2ecbc842899db289f5fb00ad9) Importer(815301076,1909f56bfc062723c751e8b465ee728b)
Start importing Assets/Sphere.prefab using Guid(3368e1f2ecbc842899db289f5fb00ad9) Importer(815301076,1909f56bfc062723c751e8b465ee728b)  -> (artifact id: 'f79109aa79b4146de729439d31ff4d67') in 0.007192 seconds
  Import took 0.010459 seconds .

========================================================================
Received Import Request.
  Time since last request: 9.126951 seconds.
  path: Assets/Sphere.prefab
  artifactKey: Guid(3368e1f2ecbc842899db289f5fb00ad9) Importer(815301076,1909f56bfc062723c751e8b465ee728b)
Start importing Assets/Sphere.prefab using Guid(3368e1f2ecbc842899db289f5fb00ad9) Importer(815301076,1909f56bfc062723c751e8b465ee728b)  -> (artifact id: '8d4ccd04e1f9ffe6128f407a4fba8722') in 0.007167 seconds
  Import took 0.010779 seconds .

========================================================================
Received Import Request.
  Time since last request: 8.043664 seconds.
  path: Assets/Sphere.prefab
  artifactKey: Guid(3368e1f2ecbc842899db289f5fb00ad9) Importer(815301076,1909f56bfc062723c751e8b465ee728b)
Start importing Assets/Sphere.prefab using Guid(3368e1f2ecbc842899db289f5fb00ad9) Importer(815301076,1909f56bfc062723c751e8b465ee728b)  -> (artifact id: 'd2a4a55e9b52b2ab70dcc4b9bac2594e') in 0.007252 seconds
  Import took 0.010349 seconds .

========================================================================
Received Import Request.
  Time since last request: 2.436879 seconds.
  path: Assets/Sphere.prefab
  artifactKey: Guid(3368e1f2ecbc842899db289f5fb00ad9) Importer(815301076,1909f56bfc062723c751e8b465ee728b)
Start importing Assets/Sphere.prefab using Guid(3368e1f2ecbc842899db289f5fb00ad9) Importer(815301076,1909f56bfc062723c751e8b465ee728b)  -> (artifact id: '220078c9e27896c78a42c9efcd98d0e8') in 0.007864 seconds
  Import took 0.011270 seconds .

========================================================================
Received Prepare
Default GameObject BitMask: TransparentFX already registered

Registering precompiled user dll's ...
Registered in 0.000377 seconds.
Begin MonoManager ReloadAssembly
Native extension for WindowsStandalone target not found
Native extension for OSXStandalone target not found
Refreshing native plugins compatible for Editor in 0.28 ms, found 1 plugins.
Preloading 0 native plugins for Editor in 0.00 ms.
Invoked RoslynAnalysisRunner static constructor.
RoslynAnalysisRunner will not be running.
RoslynAnalysisRunner has terminated.
Mono: successfully reloaded assembly
- Completed reload, in  1.823 seconds
Platform modules already initialized, skipping
Switching build target platform(2) subTarget(0) extendedPlatform(0) -> platform(9) subTarget(16777218) extendedPlatform(0)
Refreshing native plugins compatible for Editor in 0.27 ms, found 1 plugins.
Preloading 0 native plugins for Editor in 0.00 ms.
Unloading 1490 Unused Serialized files (Serialized files now loaded: 0)
System memory in use before: 155.9 MB.
System memory in use after: 156.0 MB.

Unloading 9 unused Assets to reduce memory usage. Loaded Objects now: 1972.
Total: 1.445291 ms (FindLiveObjects: 0.174875 ms CreateObjectMapping: 0.031541 ms MarkObjects: 1.166792 ms  DeleteObjects: 0.070875 ms)

AssetImportParameters requested are different than current active one (requested -> active):
  custom:graphics/normal-map-encoding: 01000000000000000000000000000000 -> 02000000000000000000000000000000
========================================================================
Received Prepare
Default GameObject BitMask: TransparentFX already registered

Registering precompiled user dll's ...
Registered in 0.000737 seconds.
Begin MonoManager ReloadAssembly
Native extension for WindowsStandalone target not found
Native extension for OSXStandalone target not found
Refreshing native plugins compatible for Editor in 0.30 ms, found 1 plugins.
Preloading 0 native plugins for Editor in 0.00 ms.
Invoked RoslynAnalysisRunner static constructor.
RoslynAnalysisRunner will not be running.
RoslynAnalysisRunner has terminated.
Mono: successfully reloaded assembly
- Completed reload, in  1.729 seconds
Platform modules already initialized, skipping
Switching build target platform(2) subTarget(0) extendedPlatform(0) -> platform(9) subTarget(16777218) extendedPlatform(0)
Refreshing native plugins compatible for Editor in 0.29 ms, found 1 plugins.
Preloading 0 native plugins for Editor in 0.00 ms.
Unloading 1490 Unused Serialized files (Serialized files now loaded: 0)
System memory in use before: 156.1 MB.
System memory in use after: 156.2 MB.

Unloading 8 unused Assets to reduce memory usage. Loaded Objects now: 1975.
Total: 1.262916 ms (FindLiveObjects: 0.104875 ms CreateObjectMapping: 0.029125 ms MarkObjects: 1.055875 ms  DeleteObjects: 0.072167 ms)

AssetImportParameters requested are different than current active one (requested -> active):
  custom:graphics/normal-map-encoding: 01000000000000000000000000000000 -> 02000000000000000000000000000000
========================================================================
Received Prepare
Default GameObject BitMask: TransparentFX already registered

Registering precompiled user dll's ...
Registered in 0.000380 seconds.
Begin MonoManager ReloadAssembly
Native extension for WindowsStandalone target not found
Native extension for OSXStandalone target not found
Refreshing native plugins compatible for Editor in 0.28 ms, found 1 plugins.
Preloading 0 native plugins for Editor in 0.00 ms.
Invoked RoslynAnalysisRunner static constructor.
RoslynAnalysisRunner will not be running.
RoslynAnalysisRunner has terminated.
Mono: successfully reloaded assembly
- Completed reload, in  1.791 seconds
Platform modules already initialized, skipping
Switching build target platform(2) subTarget(0) extendedPlatform(0) -> platform(9) subTarget(16777218) extendedPlatform(0)
Refreshing native plugins compatible for Editor in 0.35 ms, found 1 plugins.
Preloading 0 native plugins for Editor in 0.00 ms.
Unloading 1490 Unused Serialized files (Serialized files now loaded: 0)
System memory in use before: 156.4 MB.
System memory in use after: 156.4 MB.

Unloading 8 unused Assets to reduce memory usage. Loaded Objects now: 1978.
Total: 1.368625 ms (FindLiveObjects: 0.149833 ms CreateObjectMapping: 0.029875 ms MarkObjects: 1.110458 ms  DeleteObjects: 0.076625 ms)

AssetImportParameters requested are different than current active one (requested -> active):
  custom:graphics/normal-map-encoding: 01000000000000000000000000000000 -> 02000000000000000000000000000000
========================================================================
Received Prepare
Default GameObject BitMask: TransparentFX already registered

Registering precompiled user dll's ...
Registered in 0.000756 seconds.
Begin MonoManager ReloadAssembly
Native extension for WindowsStandalone target not found
Native extension for OSXStandalone target not found
Refreshing native plugins compatible for Editor in 0.27 ms, found 1 plugins.
Preloading 0 native plugins for Editor in 0.00 ms.
Invoked RoslynAnalysisRunner static constructor.
RoslynAnalysisRunner will not be running.
RoslynAnalysisRunner has terminated.
Mono: successfully reloaded assembly
- Completed reload, in  1.734 seconds
Platform modules already initialized, skipping
Switching build target platform(2) subTarget(0) extendedPlatform(0) -> platform(9) subTarget(16777218) extendedPlatform(0)
Refreshing native plugins compatible for Editor in 0.37 ms, found 1 plugins.
Preloading 0 native plugins for Editor in 0.00 ms.
Unloading 1490 Unused Serialized files (Serialized files now loaded: 0)
System memory in use before: 156.6 MB.
System memory in use after: 156.7 MB.

Unloading 8 unused Assets to reduce memory usage. Loaded Objects now: 1981.
Total: 1.860417 ms (FindLiveObjects: 0.158666 ms CreateObjectMapping: 0.032709 ms MarkObjects: 1.585125 ms  DeleteObjects: 0.082000 ms)

AssetImportParameters requested are different than current active one (requested -> active):
  custom:graphics/normal-map-encoding: 01000000000000000000000000000000 -> 02000000000000000000000000000000
========================================================================
Received Prepare
Default GameObject BitMask: TransparentFX already registered

Registering precompiled user dll's ...
Registered in 0.000336 seconds.
Begin MonoManager ReloadAssembly
Native extension for WindowsStandalone target not found
Native extension for OSXStandalone target not found
Refreshing native plugins compatible for Editor in 0.28 ms, found 1 plugins.
Preloading 0 native plugins for Editor in 0.00 ms.
Invoked RoslynAnalysisRunner static constructor.
RoslynAnalysisRunner will not be running.
RoslynAnalysisRunner has terminated.
Mono: successfully reloaded assembly
- Completed reload, in  1.771 seconds
Platform modules already initialized, skipping
Switching build target platform(2) subTarget(0) extendedPlatform(0) -> platform(9) subTarget(16777218) extendedPlatform(0)
Refreshing native plugins compatible for Editor in 0.26 ms, found 1 plugins.
Preloading 0 native plugins for Editor in 0.00 ms.
Unloading 1490 Unused Serialized files (Serialized files now loaded: 0)
System memory in use before: 156.8 MB.
System memory in use after: 156.9 MB.

Unloading 8 unused Assets to reduce memory usage. Loaded Objects now: 1984.
Total: 1.189417 ms (FindLiveObjects: 0.099125 ms CreateObjectMapping: 0.029333 ms MarkObjects: 1.001458 ms  DeleteObjects: 0.058667 ms)

AssetImportParameters requested are different than current active one (requested -> active):
  custom:graphics/normal-map-encoding: 01000000000000000000000000000000 -> 02000000000000000000000000000000
========================================================================
Received Prepare
Default GameObject BitMask: TransparentFX already registered

Registering precompiled user dll's ...
Registered in 0.000521 seconds.
Begin MonoManager ReloadAssembly
Native extension for WindowsStandalone target not found
Native extension for OSXStandalone target not found
Refreshing native plugins compatible for Editor in 0.30 ms, found 1 plugins.
Preloading 0 native plugins for Editor in 0.00 ms.
Invoked RoslynAnalysisRunner static constructor.
RoslynAnalysisRunner will not be running.
RoslynAnalysisRunner has terminated.
Mono: successfully reloaded assembly
- Completed reload, in  1.760 seconds
Platform modules already initialized, skipping
Switching build target platform(2) subTarget(0) extendedPlatform(0) -> platform(9) subTarget(16777218) extendedPlatform(0)
Refreshing native plugins compatible for Editor in 0.27 ms, found 1 plugins.
Preloading 0 native plugins for Editor in 0.00 ms.
Unloading 1490 Unused Serialized files (Serialized files now loaded: 0)
System memory in use before: 157.0 MB.
System memory in use after: 157.1 MB.

Unloading 8 unused Assets to reduce memory usage. Loaded Objects now: 1987.
Total: 1.365625 ms (FindLiveObjects: 0.155750 ms CreateObjectMapping: 0.030375 ms MarkObjects: 1.104208 ms  DeleteObjects: 0.074125 ms)

AssetImportParameters requested are different than current active one (requested -> active):
  custom:graphics/normal-map-encoding: 01000000000000000000000000000000 -> 02000000000000000000000000000000
========================================================================
Received Prepare
Default GameObject BitMask: TransparentFX already registered

Registering precompiled user dll's ...
Registered in 0.000392 seconds.
Begin MonoManager ReloadAssembly
Native extension for WindowsStandalone target not found
Native extension for OSXStandalone target not found
Refreshing native plugins compatible for Editor in 0.27 ms, found 1 plugins.
Preloading 0 native plugins for Editor in 0.00 ms.
Invoked RoslynAnalysisRunner static constructor.
RoslynAnalysisRunner will not be running.
RoslynAnalysisRunner has terminated.
Mono: successfully reloaded assembly
- Completed reload, in  1.711 seconds
Platform modules already initialized, skipping
Switching build target platform(2) subTarget(0) extendedPlatform(0) -> platform(9) subTarget(16777218) extendedPlatform(0)
Refreshing native plugins compatible for Editor in 0.28 ms, found 1 plugins.
Preloading 0 native plugins for Editor in 0.00 ms.
Unloading 1490 Unused Serialized files (Serialized files now loaded: 0)
System memory in use before: 157.3 MB.
System memory in use after: 157.3 MB.

Unloading 8 unused Assets to reduce memory usage. Loaded Objects now: 1990.
Total: 1.403333 ms (FindLiveObjects: 0.173708 ms CreateObjectMapping: 0.031917 ms MarkObjects: 1.128041 ms  DeleteObjects: 0.068583 ms)

AssetImportParameters requested are different than current active one (requested -> active):
  custom:graphics/normal-map-encoding: 01000000000000000000000000000000 -> 02000000000000000000000000000000
========================================================================
Received Prepare
Default GameObject BitMask: TransparentFX already registered

Registering precompiled user dll's ...
Registered in 0.000359 seconds.
Begin MonoManager ReloadAssembly
Native extension for WindowsStandalone target not found
Native extension for OSXStandalone target not found
Refreshing native plugins compatible for Editor in 0.28 ms, found 1 plugins.
Preloading 0 native plugins for Editor in 0.00 ms.
Invoked RoslynAnalysisRunner static constructor.
RoslynAnalysisRunner will not be running.
RoslynAnalysisRunner has terminated.
Mono: successfully reloaded assembly
- Completed reload, in  1.701 seconds
Platform modules already initialized, skipping
Switching build target platform(2) subTarget(0) extendedPlatform(0) -> platform(9) subTarget(16777218) extendedPlatform(0)
Refreshing native plugins compatible for Editor in 0.26 ms, found 1 plugins.
Preloading 0 native plugins for Editor in 0.00 ms.
Unloading 1490 Unused Serialized files (Serialized files now loaded: 0)
System memory in use before: 157.5 MB.
System memory in use after: 157.5 MB.

Unloading 8 unused Assets to reduce memory usage. Loaded Objects now: 1993.
Total: 1.340750 ms (FindLiveObjects: 0.102167 ms CreateObjectMapping: 0.032000 ms MarkObjects: 1.135167 ms  DeleteObjects: 0.070584 ms)

AssetImportParameters requested are different than current active one (requested -> active):
  custom:graphics/normal-map-encoding: 01000000000000000000000000000000 -> 02000000000000000000000000000000
========================================================================
Received Prepare
Default GameObject BitMask: TransparentFX already registered

Registering precompiled user dll's ...
Registered in 0.000387 seconds.
Begin MonoManager ReloadAssembly
Native extension for WindowsStandalone target not found
Native extension for OSXStandalone target not found
Refreshing native plugins compatible for Editor in 0.28 ms, found 1 plugins.
Preloading 0 native plugins for Editor in 0.00 ms.
Invoked RoslynAnalysisRunner static constructor.
RoslynAnalysisRunner will not be running.
RoslynAnalysisRunner has terminated.
Mono: successfully reloaded assembly
- Completed reload, in  1.756 seconds
Platform modules already initialized, skipping
Switching build target platform(2) subTarget(0) extendedPlatform(0) -> platform(9) subTarget(16777218) extendedPlatform(0)
Refreshing native plugins compatible for Editor in 0.26 ms, found 1 plugins.
Preloading 0 native plugins for Editor in 0.00 ms.
Unloading 1490 Unused Serialized files (Serialized files now loaded: 0)
System memory in use before: 157.7 MB.
System memory in use after: 157.8 MB.

Unloading 8 unused Assets to reduce memory usage. Loaded Objects now: 1996.
Total: 1.462375 ms (FindLiveObjects: 0.125416 ms CreateObjectMapping: 0.030167 ms MarkObjects: 1.227542 ms  DeleteObjects: 0.078000 ms)

AssetImportParameters requested are different than current active one (requested -> active):
  custom:graphics/normal-map-encoding: 01000000000000000000000000000000 -> 02000000000000000000000000000000
========================================================================
Received Prepare
Default GameObject BitMask: TransparentFX already registered

Registering precompiled user dll's ...
Registered in 0.000350 seconds.
Begin MonoManager ReloadAssembly
Native extension for WindowsStandalone target not found
Native extension for OSXStandalone target not found
Refreshing native plugins compatible for Editor in 0.29 ms, found 1 plugins.
Preloading 0 native plugins for Editor in 0.00 ms.
Invoked RoslynAnalysisRunner static constructor.
RoslynAnalysisRunner will not be running.
RoslynAnalysisRunner has terminated.
Mono: successfully reloaded assembly
- Completed reload, in  1.820 seconds
Platform modules already initialized, skipping
Switching build target platform(2) subTarget(0) extendedPlatform(0) -> platform(9) subTarget(16777218) extendedPlatform(0)
Refreshing native plugins compatible for Editor in 0.28 ms, found 1 plugins.
Preloading 0 native plugins for Editor in 0.00 ms.
Unloading 1490 Unused Serialized files (Serialized files now loaded: 0)
System memory in use before: 157.9 MB.
System memory in use after: 158.0 MB.

Unloading 8 unused Assets to reduce memory usage. Loaded Objects now: 1999.
Total: 1.683292 ms (FindLiveObjects: 0.127083 ms CreateObjectMapping: 0.030708 ms MarkObjects: 1.422792 ms  DeleteObjects: 0.101375 ms)

AssetImportParameters requested are different than current active one (requested -> active):
  custom:graphics/normal-map-encoding: 01000000000000000000000000000000 -> 02000000000000000000000000000000
========================================================================
Received Prepare
Default GameObject BitMask: TransparentFX already registered

Registering precompiled user dll's ...
Registered in 0.000369 seconds.
Begin MonoManager ReloadAssembly
Native extension for WindowsStandalone target not found
Native extension for OSXStandalone target not found
Refreshing native plugins compatible for Editor in 0.27 ms, found 1 plugins.
Preloading 0 native plugins for Editor in 0.00 ms.
Invoked RoslynAnalysisRunner static constructor.
RoslynAnalysisRunner will not be running.
RoslynAnalysisRunner has terminated.
Mono: successfully reloaded assembly
- Completed reload, in  1.773 seconds
Platform modules already initialized, skipping
Switching build target platform(2) subTarget(0) extendedPlatform(0) -> platform(9) subTarget(16777218) extendedPlatform(0)
Refreshing native plugins compatible for Editor in 0.27 ms, found 1 plugins.
Preloading 0 native plugins for Editor in 0.00 ms.
Unloading 1490 Unused Serialized files (Serialized files now loaded: 0)
System memory in use before: 158.1 MB.
System memory in use after: 158.2 MB.

Unloading 8 unused Assets to reduce memory usage. Loaded Objects now: 2002.
Total: 1.300708 ms (FindLiveObjects: 0.139583 ms CreateObjectMapping: 0.030542 ms MarkObjects: 1.061750 ms  DeleteObjects: 0.068042 ms)

AssetImportParameters requested are different than current active one (requested -> active):
  custom:graphics/normal-map-encoding: 01000000000000000000000000000000 -> 02000000000000000000000000000000
========================================================================
Received Prepare
Default GameObject BitMask: TransparentFX already registered

Registering precompiled user dll's ...
Registered in 0.000711 seconds.
Begin MonoManager ReloadAssembly
Native extension for WindowsStandalone target not found
Native extension for OSXStandalone target not found
Refreshing native plugins compatible for Editor in 0.29 ms, found 1 plugins.
Preloading 0 native plugins for Editor in 0.00 ms.
Invoked RoslynAnalysisRunner static constructor.
RoslynAnalysisRunner will not be running.
RoslynAnalysisRunner has terminated.
Mono: successfully reloaded assembly
- Completed reload, in  1.758 seconds
Platform modules already initialized, skipping
Switching build target platform(2) subTarget(0) extendedPlatform(0) -> platform(9) subTarget(16777218) extendedPlatform(0)
Refreshing native plugins compatible for Editor in 0.28 ms, found 1 plugins.
Preloading 0 native plugins for Editor in 0.00 ms.
Unloading 1490 Unused Serialized files (Serialized files now loaded: 0)
System memory in use before: 158.3 MB.
System memory in use after: 158.4 MB.

Unloading 8 unused Assets to reduce memory usage. Loaded Objects now: 2005.
Total: 1.311833 ms (FindLiveObjects: 0.113042 ms CreateObjectMapping: 0.029458 ms MarkObjects: 1.103625 ms  DeleteObjects: 0.064916 ms)

AssetImportParameters requested are different than current active one (requested -> active):
  custom:graphics/normal-map-encoding: 01000000000000000000000000000000 -> 02000000000000000000000000000000
========================================================================
Received Prepare
Default GameObject BitMask: TransparentFX already registered

Registering precompiled user dll's ...
Registered in 0.000436 seconds.
Begin MonoManager ReloadAssembly
Native extension for WindowsStandalone target not found
Native extension for OSXStandalone target not found
Refreshing native plugins compatible for Editor in 0.28 ms, found 1 plugins.
Preloading 0 native plugins for Editor in 0.00 ms.
Invoked RoslynAnalysisRunner static constructor.
RoslynAnalysisRunner will not be running.
RoslynAnalysisRunner has terminated.
Mono: successfully reloaded assembly
- Completed reload, in  1.750 seconds
Platform modules already initialized, skipping
Switching build target platform(2) subTarget(0) extendedPlatform(0) -> platform(9) subTarget(16777218) extendedPlatform(0)
Refreshing native plugins compatible for Editor in 0.32 ms, found 1 plugins.
Preloading 0 native plugins for Editor in 0.00 ms.
Unloading 1490 Unused Serialized files (Serialized files now loaded: 0)
System memory in use before: 158.6 MB.
System memory in use after: 158.6 MB.

Unloading 8 unused Assets to reduce memory usage. Loaded Objects now: 2008.
Total: 1.311208 ms (FindLiveObjects: 0.140584 ms CreateObjectMapping: 0.030250 ms MarkObjects: 1.071750 ms  DeleteObjects: 0.067541 ms)

AssetImportParameters requested are different than current active one (requested -> active):
  custom:graphics/normal-map-encoding: 01000000000000000000000000000000 -> 02000000000000000000000000000000
========================================================================
Received Import Request.
  Time since last request: 2488.176767 seconds.
  path: Assets/Sphere.prefab
  artifactKey: Guid(3368e1f2ecbc842899db289f5fb00ad9) Importer(815301076,1909f56bfc062723c751e8b465ee728b)
Start importing Assets/Sphere.prefab using Guid(3368e1f2ecbc842899db289f5fb00ad9) Importer(815301076,1909f56bfc062723c751e8b465ee728b)  -> (artifact id: '966c725b8bbec5f62a110aa44cb2c665') in 0.163087 seconds
  Import took 0.166722 seconds .

========================================================================
Received Import Request.
  Time since last request: 0.000341 seconds.
  path: Assets/ghost.prefab
  artifactKey: Guid(86d539c1938314190b978fc8eeab7607) Importer(815301076,1909f56bfc062723c751e8b465ee728b)
Start importing Assets/ghost.prefab using Guid(86d539c1938314190b978fc8eeab7607) Importer(815301076,1909f56bfc062723c751e8b465ee728b)  -> (artifact id: '48ca85435426c8aae2f715b049196e6e') in 0.298887 seconds
  Import took 0.301144 seconds .

========================================================================
Received Prepare
Default GameObject BitMask: TransparentFX already registered

Registering precompiled user dll's ...
Registered in 0.000337 seconds.
Begin MonoManager ReloadAssembly
Native extension for WindowsStandalone target not found
Native extension for OSXStandalone target not found
Refreshing native plugins compatible for Editor in 0.28 ms, found 1 plugins.
Preloading 0 native plugins for Editor in 0.00 ms.
Invoked RoslynAnalysisRunner static constructor.
RoslynAnalysisRunner will not be running.
RoslynAnalysisRunner has terminated.
Mono: successfully reloaded assembly
- Completed reload, in  1.820 seconds
Platform modules already initialized, skipping
Switching build target platform(2) subTarget(0) extendedPlatform(0) -> platform(9) subTarget(16777218) extendedPlatform(0)
Refreshing native plugins compatible for Editor in 0.28 ms, found 1 plugins.
Preloading 0 native plugins for Editor in 0.00 ms.
Unloading 1490 Unused Serialized files (Serialized files now loaded: 0)
System memory in use before: 159.0 MB.
System memory in use after: 159.1 MB.

Unloading 9 unused Assets to reduce memory usage. Loaded Objects now: 2012.
Total: 1.420625 ms (FindLiveObjects: 0.181458 ms CreateObjectMapping: 0.031500 ms MarkObjects: 1.132708 ms  DeleteObjects: 0.074083 ms)

AssetImportParameters requested are different than current active one (requested -> active):
  custom:graphics/normal-map-encoding: 01000000000000000000000000000000 -> 02000000000000000000000000000000
========================================================================
Received Prepare
Default GameObject BitMask: TransparentFX already registered

Registering precompiled user dll's ...
Registered in 0.000319 seconds.
Begin MonoManager ReloadAssembly
Native extension for WindowsStandalone target not found
Native extension for OSXStandalone target not found
Refreshing native plugins compatible for Editor in 0.28 ms, found 1 plugins.
Preloading 0 native plugins for Editor in 0.00 ms.
Invoked RoslynAnalysisRunner static constructor.
RoslynAnalysisRunner will not be running.
RoslynAnalysisRunner has terminated.
Mono: successfully reloaded assembly
- Completed reload, in  1.765 seconds
Platform modules already initialized, skipping
Switching build target platform(2) subTarget(0) extendedPlatform(0) -> platform(9) subTarget(16777218) extendedPlatform(0)
Refreshing native plugins compatible for Editor in 0.31 ms, found 1 plugins.
Preloading 0 native plugins for Editor in 0.00 ms.
Unloading 1490 Unused Serialized files (Serialized files now loaded: 0)
System memory in use before: 159.2 MB.
System memory in use after: 159.3 MB.

Unloading 8 unused Assets to reduce memory usage. Loaded Objects now: 2015.
Total: 1.363125 ms (FindLiveObjects: 0.165958 ms CreateObjectMapping: 0.030583 ms MarkObjects: 1.092000 ms  DeleteObjects: 0.073833 ms)

AssetImportParameters requested are different than current active one (requested -> active):
  custom:graphics/normal-map-encoding: 01000000000000000000000000000000 -> 02000000000000000000000000000000
========================================================================
Received Prepare
Default GameObject BitMask: TransparentFX already registered

Registering precompiled user dll's ...
Registered in 0.000352 seconds.
Begin MonoManager ReloadAssembly
Native extension for WindowsStandalone target not found
Native extension for OSXStandalone target not found
Refreshing native plugins compatible for Editor in 0.27 ms, found 1 plugins.
Preloading 0 native plugins for Editor in 0.00 ms.
Invoked RoslynAnalysisRunner static constructor.
RoslynAnalysisRunner will not be running.
RoslynAnalysisRunner has terminated.
Mono: successfully reloaded assembly
- Completed reload, in  1.775 seconds
Platform modules already initialized, skipping
Switching build target platform(2) subTarget(0) extendedPlatform(0) -> platform(9) subTarget(16777218) extendedPlatform(0)
Refreshing native plugins compatible for Editor in 0.31 ms, found 1 plugins.
Preloading 0 native plugins for Editor in 0.00 ms.
Unloading 1490 Unused Serialized files (Serialized files now loaded: 0)
System memory in use before: 159.4 MB.
System memory in use after: 159.5 MB.

Unloading 8 unused Assets to reduce memory usage. Loaded Objects now: 2018.
Total: 1.321333 ms (FindLiveObjects: 0.124875 ms CreateObjectMapping: 0.029958 ms MarkObjects: 1.084500 ms  DeleteObjects: 0.081334 ms)

AssetImportParameters requested are different than current active one (requested -> active):
  custom:graphics/normal-map-encoding: 01000000000000000000000000000000 -> 02000000000000000000000000000000
========================================================================
Received Prepare
Default GameObject BitMask: TransparentFX already registered

Registering precompiled user dll's ...
Registered in 0.000380 seconds.
Begin MonoManager ReloadAssembly
Native extension for WindowsStandalone target not found
Native extension for OSXStandalone target not found
Refreshing native plugins compatible for Editor in 0.31 ms, found 1 plugins.
Preloading 0 native plugins for Editor in 0.00 ms.
Invoked RoslynAnalysisRunner static constructor.
RoslynAnalysisRunner will not be running.
RoslynAnalysisRunner has terminated.
Mono: successfully reloaded assembly
- Completed reload, in  1.772 seconds
Platform modules already initialized, skipping
Switching build target platform(2) subTarget(0) extendedPlatform(0) -> platform(9) subTarget(16777218) extendedPlatform(0)
Refreshing native plugins compatible for Editor in 0.28 ms, found 1 plugins.
Preloading 0 native plugins for Editor in 0.00 ms.
Unloading 1490 Unused Serialized files (Serialized files now loaded: 0)
System memory in use before: 159.6 MB.
System memory in use after: 159.7 MB.

Unloading 8 unused Assets to reduce memory usage. Loaded Objects now: 2021.
Total: 1.435208 ms (FindLiveObjects: 0.164542 ms CreateObjectMapping: 0.030666 ms MarkObjects: 1.161625 ms  DeleteObjects: 0.076750 ms)

AssetImportParameters requested are different than current active one (requested -> active):
  custom:graphics/normal-map-encoding: 01000000000000000000000000000000 -> 02000000000000000000000000000000
========================================================================
Received Prepare
Default GameObject BitMask: TransparentFX already registered

Registering precompiled user dll's ...
Registered in 0.000426 seconds.
Begin MonoManager ReloadAssembly
Native extension for WindowsStandalone target not found
Native extension for OSXStandalone target not found
Refreshing native plugins compatible for Editor in 0.27 ms, found 1 plugins.
Preloading 0 native plugins for Editor in 0.00 ms.
Invoked RoslynAnalysisRunner static constructor.
RoslynAnalysisRunner will not be running.
RoslynAnalysisRunner has terminated.
Mono: successfully reloaded assembly
- Completed reload, in  1.811 seconds
Platform modules already initialized, skipping
Switching build target platform(2) subTarget(0) extendedPlatform(0) -> platform(9) subTarget(16777218) extendedPlatform(0)
Refreshing native plugins compatible for Editor in 0.27 ms, found 1 plugins.
Preloading 0 native plugins for Editor in 0.00 ms.
Unloading 1490 Unused Serialized files (Serialized files now loaded: 0)
System memory in use before: 159.9 MB.
System memory in use after: 159.9 MB.

Unloading 8 unused Assets to reduce memory usage. Loaded Objects now: 2024.
Total: 1.360917 ms (FindLiveObjects: 0.168542 ms CreateObjectMapping: 0.030541 ms MarkObjects: 1.089375 ms  DeleteObjects: 0.071542 ms)

AssetImportParameters requested are different than current active one (requested -> active):
  custom:graphics/normal-map-encoding: 01000000000000000000000000000000 -> 02000000000000000000000000000000
========================================================================
Received Prepare
Default GameObject BitMask: TransparentFX already registered

Registering precompiled user dll's ...
Registered in 0.000323 seconds.
Begin MonoManager ReloadAssembly
Native extension for WindowsStandalone target not found
Native extension for OSXStandalone target not found
Refreshing native plugins compatible for Editor in 0.29 ms, found 1 plugins.
Preloading 0 native plugins for Editor in 0.00 ms.
Invoked RoslynAnalysisRunner static constructor.
RoslynAnalysisRunner will not be running.
RoslynAnalysisRunner has terminated.
Mono: successfully reloaded assembly
- Completed reload, in  1.809 seconds
Platform modules already initialized, skipping
Switching build target platform(2) subTarget(0) extendedPlatform(0) -> platform(9) subTarget(16777218) extendedPlatform(0)
Refreshing native plugins compatible for Editor in 0.30 ms, found 1 plugins.
Preloading 0 native plugins for Editor in 0.00 ms.
Unloading 1490 Unused Serialized files (Serialized files now loaded: 0)
System memory in use before: 160.1 MB.
System memory in use after: 160.2 MB.

Unloading 8 unused Assets to reduce memory usage. Loaded Objects now: 2027.
Total: 1.396625 ms (FindLiveObjects: 0.199000 ms CreateObjectMapping: 0.030500 ms MarkObjects: 1.088958 ms  DeleteObjects: 0.077208 ms)

AssetImportParameters requested are different than current active one (requested -> active):
  custom:graphics/normal-map-encoding: 01000000000000000000000000000000 -> 02000000000000000000000000000000
========================================================================
Received Prepare
Default GameObject BitMask: TransparentFX already registered

Registering precompiled user dll's ...
Registered in 0.000327 seconds.
Begin MonoManager ReloadAssembly
Native extension for WindowsStandalone target not found
Native extension for OSXStandalone target not found
Refreshing native plugins compatible for Editor in 0.28 ms, found 1 plugins.
Preloading 0 native plugins for Editor in 0.00 ms.
Invoked RoslynAnalysisRunner static constructor.
RoslynAnalysisRunner will not be running.
RoslynAnalysisRunner has terminated.
Mono: successfully reloaded assembly
- Completed reload, in  1.775 seconds
Platform modules already initialized, skipping
Switching build target platform(2) subTarget(0) extendedPlatform(0) -> platform(9) subTarget(16777218) extendedPlatform(0)
Refreshing native plugins compatible for Editor in 0.26 ms, found 1 plugins.
Preloading 0 native plugins for Editor in 0.00 ms.
Unloading 1490 Unused Serialized files (Serialized files now loaded: 0)
System memory in use before: 160.3 MB.
System memory in use after: 160.4 MB.

Unloading 8 unused Assets to reduce memory usage. Loaded Objects now: 2030.
Total: 1.274500 ms (FindLiveObjects: 0.123209 ms CreateObjectMapping: 0.030166 ms MarkObjects: 1.056917 ms  DeleteObjects: 0.063333 ms)

AssetImportParameters requested are different than current active one (requested -> active):
  custom:graphics/normal-map-encoding: 01000000000000000000000000000000 -> 02000000000000000000000000000000
========================================================================
Received Prepare
Default GameObject BitMask: TransparentFX already registered

Registering precompiled user dll's ...
Registered in 0.000343 seconds.
Begin MonoManager ReloadAssembly
Native extension for WindowsStandalone target not found
Native extension for OSXStandalone target not found
Refreshing native plugins compatible for Editor in 0.27 ms, found 1 plugins.
Preloading 0 native plugins for Editor in 0.00 ms.
Invoked RoslynAnalysisRunner static constructor.
RoslynAnalysisRunner will not be running.
RoslynAnalysisRunner has terminated.
Mono: successfully reloaded assembly
- Completed reload, in  1.809 seconds
Platform modules already initialized, skipping
Switching build target platform(2) subTarget(0) extendedPlatform(0) -> platform(9) subTarget(16777218) extendedPlatform(0)
Refreshing native plugins compatible for Editor in 0.27 ms, found 1 plugins.
Preloading 0 native plugins for Editor in 0.00 ms.
Unloading 1490 Unused Serialized files (Serialized files now loaded: 0)
System memory in use before: 160.5 MB.
System memory in use after: 160.6 MB.

Unloading 8 unused Assets to reduce memory usage. Loaded Objects now: 2033.
Total: 2.148250 ms (FindLiveObjects: 0.455750 ms CreateObjectMapping: 0.037667 ms MarkObjects: 1.565459 ms  DeleteObjects: 0.087250 ms)

AssetImportParameters requested are different than current active one (requested -> active):
  custom:graphics/normal-map-encoding: 01000000000000000000000000000000 -> 02000000000000000000000000000000
========================================================================
Received Prepare
Default GameObject BitMask: TransparentFX already registered

Registering precompiled user dll's ...
Registered in 0.000426 seconds.
Begin MonoManager ReloadAssembly
Native extension for WindowsStandalone target not found
Native extension for OSXStandalone target not found
Refreshing native plugins compatible for Editor in 0.28 ms, found 1 plugins.
Preloading 0 native plugins for Editor in 0.00 ms.
Invoked RoslynAnalysisRunner static constructor.
RoslynAnalysisRunner will not be running.
RoslynAnalysisRunner has terminated.
Mono: successfully reloaded assembly
- Completed reload, in  1.790 seconds
Platform modules already initialized, skipping
Switching build target platform(2) subTarget(0) extendedPlatform(0) -> platform(9) subTarget(16777218) extendedPlatform(0)
Refreshing native plugins compatible for Editor in 0.28 ms, found 1 plugins.
Preloading 0 native plugins for Editor in 0.00 ms.
Unloading 1490 Unused Serialized files (Serialized files now loaded: 0)
System memory in use before: 160.7 MB.
System memory in use after: 160.8 MB.

Unloading 8 unused Assets to reduce memory usage. Loaded Objects now: 2036.
Total: 1.752750 ms (FindLiveObjects: 0.248000 ms CreateObjectMapping: 0.030375 ms MarkObjects: 1.382042 ms  DeleteObjects: 0.089041 ms)

AssetImportParameters requested are different than current active one (requested -> active):
  custom:graphics/normal-map-encoding: 01000000000000000000000000000000 -> 02000000000000000000000000000000
========================================================================
Received Prepare
Default GameObject BitMask: TransparentFX already registered

Registering precompiled user dll's ...
Registered in 0.000380 seconds.
Begin MonoManager ReloadAssembly
Native extension for WindowsStandalone target not found
Native extension for OSXStandalone target not found
Refreshing native plugins compatible for Editor in 0.27 ms, found 1 plugins.
Preloading 0 native plugins for Editor in 0.00 ms.
Invoked RoslynAnalysisRunner static constructor.
RoslynAnalysisRunner will not be running.
RoslynAnalysisRunner has terminated.
Mono: successfully reloaded assembly
- Completed reload, in  1.801 seconds
Platform modules already initialized, skipping
Switching build target platform(2) subTarget(0) extendedPlatform(0) -> platform(9) subTarget(16777218) extendedPlatform(0)
Refreshing native plugins compatible for Editor in 0.26 ms, found 1 plugins.
Preloading 0 native plugins for Editor in 0.00 ms.
Unloading 1490 Unused Serialized files (Serialized files now loaded: 0)
System memory in use before: 160.9 MB.
System memory in use after: 161.0 MB.

Unloading 8 unused Assets to reduce memory usage. Loaded Objects now: 2039.
Total: 1.289375 ms (FindLiveObjects: 0.121667 ms CreateObjectMapping: 0.030583 ms MarkObjects: 1.068917 ms  DeleteObjects: 0.067333 ms)

AssetImportParameters requested are different than current active one (requested -> active):
  custom:graphics/normal-map-encoding: 01000000000000000000000000000000 -> 02000000000000000000000000000000
========================================================================
Received Prepare
Default GameObject BitMask: TransparentFX already registered

Registering precompiled user dll's ...
Registered in 0.000796 seconds.
Begin MonoManager ReloadAssembly
Native extension for WindowsStandalone target not found
Native extension for OSXStandalone target not found
Refreshing native plugins compatible for Editor in 0.31 ms, found 1 plugins.
Preloading 0 native plugins for Editor in 0.00 ms.
Invoked RoslynAnalysisRunner static constructor.
RoslynAnalysisRunner will not be running.
RoslynAnalysisRunner has terminated.
Mono: successfully reloaded assembly
- Completed reload, in  1.816 seconds
Platform modules already initialized, skipping
Switching build target platform(2) subTarget(0) extendedPlatform(0) -> platform(9) subTarget(16777218) extendedPlatform(0)
Refreshing native plugins compatible for Editor in 0.28 ms, found 1 plugins.
Preloading 0 native plugins for Editor in 0.00 ms.
Unloading 1490 Unused Serialized files (Serialized files now loaded: 0)
System memory in use before: 161.1 MB.
System memory in use after: 161.2 MB.

Unloading 8 unused Assets to reduce memory usage. Loaded Objects now: 2042.
Total: 1.311583 ms (FindLiveObjects: 0.115625 ms CreateObjectMapping: 0.029917 ms MarkObjects: 1.098125 ms  DeleteObjects: 0.066958 ms)

AssetImportParameters requested are different than current active one (requested -> active):
  custom:graphics/normal-map-encoding: 01000000000000000000000000000000 -> 02000000000000000000000000000000
========================================================================
Received Prepare
Default GameObject BitMask: TransparentFX already registered

Refreshing native plugins compatible for Editor in 1.12 ms, found 1 plugins.
Preloading 0 native plugins for Editor in 0.00 ms.
Unloading 5 Unused Serialized files (Serialized files now loaded: 0)
System memory in use before: 132.1 MB.
System memory in use after: 132.3 MB.

Unloading 4 unused Assets to reduce memory usage. Loaded Objects now: 2043.
Total: 2.052208 ms (FindLiveObjects: 0.173459 ms CreateObjectMapping: 0.030875 ms MarkObjects: 1.792291 ms  DeleteObjects: 0.053625 ms)

========================================================================
Received Import Request.
  Time since last request: 1470.437568 seconds.
  path: Assets/Sphere.prefab
  artifactKey: Guid(3368e1f2ecbc842899db289f5fb00ad9) Importer(815301076,1909f56bfc062723c751e8b465ee728b)
Start importing Assets/Sphere.prefab using Guid(3368e1f2ecbc842899db289f5fb00ad9) Importer(815301076,1909f56bfc062723c751e8b465ee728b)  -> (artifact id: 'ad48783a90d65e0a0e60428f189bc688') in 0.381047 seconds
  Import took 0.390991 seconds .

========================================================================
Received Import Request.
  Time since last request: 13.661806 seconds.
  path: Assets/Blaster.blend
  artifactKey: Guid(e301df188880f40f08e20f10cd766da9) Importer(815301076,1909f56bfc062723c751e8b465ee728b)
Start importing Assets/Blaster.blend using Guid(e301df188880f40f08e20f10cd766da9) Importer(815301076,1909f56bfc062723c751e8b465ee728b)  -> (artifact id: '51438b198436e11da1f1f32b09077e50') in 0.371046 seconds
  Import took 0.374404 seconds .

========================================================================
Received Prepare
Default GameObject BitMask: TransparentFX already registered

Refreshing native plugins compatible for Editor in 1.04 ms, found 1 plugins.
Preloading 0 native plugins for Editor in 0.00 ms.
Unloading 4 Unused Serialized files (Serialized files now loaded: 0)
System memory in use before: 137.1 MB.
System memory in use after: 137.2 MB.

Unloading 5 unused Assets to reduce memory usage. Loaded Objects now: 2044.
Total: 19.071666 ms (FindLiveObjects: 0.177958 ms CreateObjectMapping: 0.030875 ms MarkObjects: 18.816458 ms  DeleteObjects: 0.045334 ms)

========================================================================
Received Prepare
Default GameObject BitMask: TransparentFX already registered

Refreshing native plugins compatible for Editor in 0.60 ms, found 1 plugins.
Preloading 0 native plugins for Editor in 0.00 ms.
Unloading 4 Unused Serialized files (Serialized files now loaded: 0)
System memory in use before: 137.1 MB.
System memory in use after: 137.3 MB.

Unloading 4 unused Assets to reduce memory usage. Loaded Objects now: 2044.
Total: 2.208000 ms (FindLiveObjects: 0.226375 ms CreateObjectMapping: 0.031917 ms MarkObjects: 1.902333 ms  DeleteObjects: 0.046166 ms)

========================================================================
Received Import Request.
  Time since last request: 967.164481 seconds.
  path: Assets/ghost.prefab
  artifactKey: Guid(86d539c1938314190b978fc8eeab7607) Importer(815301076,1909f56bfc062723c751e8b465ee728b)
Start importing Assets/ghost.prefab using Guid(86d539c1938314190b978fc8eeab7607) Importer(815301076,1909f56bfc062723c751e8b465ee728b)  -> (artifact id: '96b0f8cb1976cf1345f0a365da5d9a56') in 0.041887 seconds
  Import took 0.047576 seconds .

========================================================================
Received Import Request.
  Time since last request: 7.414817 seconds.
  path: Assets/ghost.prefab
  artifactKey: Guid(86d539c1938314190b978fc8eeab7607) Importer(815301076,1909f56bfc062723c751e8b465ee728b)
Start importing Assets/ghost.prefab using Guid(86d539c1938314190b978fc8eeab7607) Importer(815301076,1909f56bfc062723c751e8b465ee728b)  -> (artifact id: '63deb7972c46857a9284a781e9b69ea5') in 0.014404 seconds
  Import took 0.018952 seconds .

========================================================================
Received Import Request.
  Time since last request: 1.714477 seconds.
  path: Assets/ghost.prefab
  artifactKey: Guid(86d539c1938314190b978fc8eeab7607) Importer(815301076,1909f56bfc062723c751e8b465ee728b)
Start importing Assets/ghost.prefab using Guid(86d539c1938314190b978fc8eeab7607) Importer(815301076,1909f56bfc062723c751e8b465ee728b)  -> (artifact id: 'baf53c6f523590467097f8bcd6fe2b33') in 0.013106 seconds
  Import took 0.017161 seconds .

========================================================================
Received Prepare
Default GameObject BitMask: TransparentFX already registered

Refreshing native plugins compatible for Editor in 0.57 ms, found 1 plugins.
Preloading 0 native plugins for Editor in 0.00 ms.
Unloading 4 Unused Serialized files (Serialized files now loaded: 0)
System memory in use before: 137.3 MB.
System memory in use after: 137.4 MB.

Unloading 4 unused Assets to reduce memory usage. Loaded Objects now: 2044.
Total: 3.972792 ms (FindLiveObjects: 0.197458 ms CreateObjectMapping: 0.032458 ms MarkObjects: 3.695708 ms  DeleteObjects: 0.045666 ms)

========================================================================
Received Import Request.
  Time since last request: 132.612204 seconds.
  path: Assets/ghost.prefab
  artifactKey: Guid(86d539c1938314190b978fc8eeab7607) Importer(815301076,1909f56bfc062723c751e8b465ee728b)
Start importing Assets/ghost.prefab using Guid(86d539c1938314190b978fc8eeab7607) Importer(815301076,1909f56bfc062723c751e8b465ee728b)  -> (artifact id: '174c6c084f66ae1f90017ad709a0db70') in 0.018007 seconds
  Import took 0.022650 seconds .

========================================================================
Received Prepare
Default GameObject BitMask: TransparentFX already registered

Registering precompiled user dll's ...
Registered in 0.000398 seconds.
Begin MonoManager ReloadAssembly
Native extension for WindowsStandalone target not found
Native extension for OSXStandalone target not found
Refreshing native plugins compatible for Editor in 0.29 ms, found 1 plugins.
Preloading 0 native plugins for Editor in 0.00 ms.
Invoked RoslynAnalysisRunner static constructor.
RoslynAnalysisRunner will not be running.
RoslynAnalysisRunner has terminated.
Mono: successfully reloaded assembly
- Completed reload, in  2.287 seconds
Platform modules already initialized, skipping
Switching build target platform(2) subTarget(0) extendedPlatform(0) -> platform(9) subTarget(16777218) extendedPlatform(0)
Refreshing native plugins compatible for Editor in 0.28 ms, found 1 plugins.
Preloading 0 native plugins for Editor in 0.00 ms.
Unloading 1489 Unused Serialized files (Serialized files now loaded: 0)
System memory in use before: 165.9 MB.
System memory in use after: 166.0 MB.

Unloading 7 unused Assets to reduce memory usage. Loaded Objects now: 2047.
Total: 1.430084 ms (FindLiveObjects: 0.173458 ms CreateObjectMapping: 0.032667 ms MarkObjects: 1.170542 ms  DeleteObjects: 0.051834 ms)

AssetImportParameters requested are different than current active one (requested -> active):
  custom:graphics/normal-map-encoding: 01000000000000000000000000000000 -> 02000000000000000000000000000000
========================================================================
Received Prepare
Default GameObject BitMask: TransparentFX already registered

Refreshing native plugins compatible for Editor in 0.65 ms, found 1 plugins.
Preloading 0 native plugins for Editor in 0.00 ms.
Unloading 4 Unused Serialized files (Serialized files now loaded: 0)
System memory in use before: 136.9 MB.
System memory in use after: 137.0 MB.

Unloading 4 unused Assets to reduce memory usage. Loaded Objects now: 2047.
Total: 2.033875 ms (FindLiveObjects: 0.165583 ms CreateObjectMapping: 0.032584 ms MarkObjects: 1.782584 ms  DeleteObjects: 0.051958 ms)

========================================================================
Received Prepare
Default GameObject BitMask: TransparentFX already registered

Refreshing native plugins compatible for Editor in 0.63 ms, found 1 plugins.
Preloading 0 native plugins for Editor in 0.00 ms.
Unloading 4 Unused Serialized files (Serialized files now loaded: 0)
System memory in use before: 136.9 MB.
System memory in use after: 137.0 MB.

Unloading 4 unused Assets to reduce memory usage. Loaded Objects now: 2047.
Total: 3.593167 ms (FindLiveObjects: 0.173167 ms CreateObjectMapping: 0.041625 ms MarkObjects: 3.334417 ms  DeleteObjects: 0.042791 ms)

========================================================================
Received Prepare
Default GameObject BitMask: TransparentFX already registered

Registering precompiled user dll's ...
Registered in 0.000394 seconds.
Begin MonoManager ReloadAssembly
Native extension for WindowsStandalone target not found
Native extension for OSXStandalone target not found
Refreshing native plugins compatible for Editor in 0.26 ms, found 1 plugins.
Preloading 0 native plugins for Editor in 0.00 ms.
Invoked RoslynAnalysisRunner static constructor.
RoslynAnalysisRunner will not be running.
RoslynAnalysisRunner has terminated.
Mono: successfully reloaded assembly
- Completed reload, in  1.839 seconds
Platform modules already initialized, skipping
Switching build target platform(2) subTarget(0) extendedPlatform(0) -> platform(9) subTarget(16777218) extendedPlatform(0)
Refreshing native plugins compatible for Editor in 0.25 ms, found 1 plugins.
Preloading 0 native plugins for Editor in 0.00 ms.
Unloading 1489 Unused Serialized files (Serialized files now loaded: 0)
System memory in use before: 166.2 MB.
System memory in use after: 166.3 MB.

Unloading 7 unused Assets to reduce memory usage. Loaded Objects now: 2050.
Total: 1.269750 ms (FindLiveObjects: 0.127750 ms CreateObjectMapping: 0.030292 ms MarkObjects: 1.070833 ms  DeleteObjects: 0.039917 ms)

AssetImportParameters requested are different than current active one (requested -> active):
  custom:graphics/normal-map-encoding: 01000000000000000000000000000000 -> 02000000000000000000000000000000
